<?xml version="1.0" encoding="UTF-8"?>
<!-- Generated by org.testng.reporters.JUnitReportReporter -->
<testsuite hostname="DESKTOP-8GAB0KF" failures="0" tests="1" name="Tests.hovermenutest" time="8.124" errors="0" timestamp="2021-11-22T20:15:16 EET" skipped="0">
  <testcase classname="Tests.hovermenutest" name="usercanselectcategoryfrommainmenu" time="8.124"/>
  <system-out/>
</testsuite> <!-- Tests.hovermenutest -->
