<?xml version="1.0" encoding="UTF-8"?>
<!-- Generated by org.testng.reporters.JUnitReportReporter -->
<testsuite hostname="DESKTOP-8GAB0KF" failures="0" tests="1" name="Tests.userregestirationtestwithjavafaker" time="10.715" errors="0" timestamp="2021-11-24T19:52:26 EET" skipped="0">
  <testcase classname="Tests.userregestirationtestwithjavafaker" name="uservanregistersuccess" time="10.715"/>
  <system-out/>
</testsuite> <!-- Tests.userregestirationtestwithjavafaker -->
