<?xml version="1.0" encoding="UTF-8"?>
<!-- Generated by org.testng.reporters.JUnitReportReporter -->
<testsuite hostname="DESKTOP-8GAB0KF" failures="0" tests="2" name="runner.testrunner" time="10.341" errors="0" timestamp="2021-11-25T17:41:39 EET" skipped="0">
  <testcase classname="runner.testrunner" name="runScenario" time="3.151"/>
  <system-out/>
  <testcase classname="runner.testrunner" name="runScenario" time="7.190"/>
  <system-out/>
</testsuite> <!-- runner.testrunner -->
