<?xml version="1.0" encoding="UTF-8"?>
<!-- Generated by org.testng.reporters.JUnitReportReporter -->
<testsuite hostname="DESKTOP-8GAB0KF" failures="0" tests="3" name="Tests.addproducttoshoppingcart" time="10.225" errors="0" timestamp="2021-11-22T20:15:16 EET" skipped="0">
  <testcase classname="Tests.addproducttoshoppingcart" name="searchproduct" time="5.890"/>
  <system-out/>
  <testcase classname="Tests.addproducttoshoppingcart" name="addproducttocarttest" time="0.041"/>
  <system-out/>
  <testcase classname="Tests.addproducttoshoppingcart" name="gotoshoopingcart" time="4.294"/>
  <system-out/>
</testsuite> <!-- Tests.addproducttoshoppingcart -->
