<?xml version="1.0" encoding="UTF-8"?>
<!-- Generated by org.testng.reporters.JUnitReportReporter -->
<testsuite hostname="DESKTOP-8GAB0KF" failures="0" tests="2" name="Tests.userregestirationtestWithDataDrivenTestanddATAPROVIDER" time="21.944" errors="0" timestamp="2021-11-24T18:47:13 EET" skipped="0">
  <testcase classname="Tests.userregestirationtestWithDataDrivenTestanddATAPROVIDER" name="uservanregistersuccess" time="7.200"/>
  <system-out/>
  <testcase classname="Tests.userregestirationtestWithDataDrivenTestanddATAPROVIDER" name="uservanregistersuccess" time="14.744"/>
  <system-out/>
</testsuite> <!-- Tests.userregestirationtestWithDataDrivenTestanddATAPROVIDER -->
